2024-09-09 12:00:01 Status 200: OK
2024-09-09 12:01:12 Error 404: Not Found
2024-09-09 12:02:23 Status 200: OK
2024-09-09 12:02:45 Error 500: Internal Server Error
2024-09-09 12:03:10 Status 200: OK
2024-09-09 12:04:05 Status 200: OK
2024-09-09 12:05:00 Error 403: Forbidden
2024-09-09 12:06:15 Status 200: OK
2024-09-09 12:07:45 Error 502: Bad Gateway
2024-09-09 12:08:20 Status 200: OK
2024-09-09 12:09:30 Status 200: OK
2024-09-09 12:10:12 Error 401: Unauthorized
2024-09-09 12:11:00 Status 200: OK
2024-09-09 12:12:34 Status 200: OK
2024-09-09 12:13:40 Error 429: Too Many Requests
2024-09-09 12:14:50 Status 200: OK
2024-09-09 12:15:00 Status 200: OK
2024-09-09 12:16:01 Error 408: Request Timeout
2024-09-09 12:17:25 Status 200: OK
2024-09-09 12:18:13 Error 404: Not Found
2024-09-09 12:19:04 Status 200: OK
2024-09-09 12:20:15 Status 200: OK
2024-09-09 12:21:00 Error 503: Service Unavailable
2024-09-09 12:22:12 Status 200: OK
2024-09-09 12:23:45 Error 500: Internal Server Error
2024-09-09 12:24:55 Status 200: OK
2024-09-09 12:25:32 Status 200: OK
2024-09-09 12:26:10 Error 415: Unsupported Media Type
2024-09-09 12:27:20 Status 200: OK
2024-09-09 12:28:15 Status 200: OK
2024-09-09 12:29:00 Error 403: Forbidden
2024-09-09 12:30:45 Status 200: OK
2024-09-09 12:31:55 Status 200: OK
2024-09-09 12:32:22 Error 401: Unauthorized
2024-09-09 12:33:40 Status 200: OK
2024-09-09 12:34:00 Status 200: OK
2024-09-09 12:35:12 Error 404: Not Found
2024-09-09 12:36:45 Status 200: OK
2024-09-09 12:37:15 Status 200: OK
2024-09-09 12:38:12 Error 429: Too Many Requests
2024-09-09 12:39:55 Status 200: OK
2024-09-09 12:40:00 Error 500: Internal Server Error